  [1m[36m (1.7ms)[0m  [1mCREATE TABLE "schema_migrations" ("version" varchar NOT NULL) [0m
  [1m[35m (0.1ms)[0m  select sqlite_version(*)
  [1m[36m (1.6ms)[0m  [1mCREATE UNIQUE INDEX "unique_schema_migrations" ON "schema_migrations" ("version")[0m
  [1m[35mActiveRecord::SchemaMigration Load (0.1ms)[0m  SELECT "schema_migrations".* FROM "schema_migrations"


Started GET "/" for ::1 at 2015-11-17 17:47:54 -0600
Processing by Rails::WelcomeController#index as HTML
  Rendered /Users/admin/.rvm/gems/ruby-2.1.2/gems/railties-4.2.3/lib/rails/templates/rails/welcome/index.html.erb (2.8ms)
Completed 200 OK in 27ms (Views: 19.4ms | ActiveRecord: 0.0ms)
  [1m[36mActiveRecord::SchemaMigration Load (0.1ms)[0m  [1mSELECT "schema_migrations".* FROM "schema_migrations"[0m
Migrating to CreateStudents (1)
  [1m[35m (0.1ms)[0m  begin transaction
  [1m[36m (0.4ms)[0m  [1mCREATE TABLE "students" ("id" INTEGER PRIMARY KEY AUTOINCREMENT NOT NULL, "first_name" varchar, "last_name" varchar, "created_at" datetime NOT NULL, "updated_at" datetime NOT NULL) [0m
  [1m[35mSQL (0.3ms)[0m  INSERT INTO "schema_migrations" ("version") VALUES (?)  [["version", "1"]]
  [1m[36m (1.4ms)[0m  [1mcommit transaction[0m
  [1m[35mActiveRecord::SchemaMigration Load (0.1ms)[0m  SELECT "schema_migrations".* FROM "schema_migrations"
  [1m[36m (0.1ms)[0m  [1mbegin transaction[0m
  [1m[35mSQL (0.3ms)[0m  INSERT INTO "students" ("first_name", "last_name", "created_at", "updated_at") VALUES (?, ?, ?, ?)  [["first_name", "Jordan"], ["last_name", "Hudgens"], ["created_at", "2015-11-18 00:10:55.545365"], ["updated_at", "2015-11-18 00:10:55.545365"]]
  [1m[36m (2.9ms)[0m  [1mcommit transaction[0m
  [1m[35mStudent Load (0.2ms)[0m  SELECT  "students".* FROM "students"  ORDER BY "students"."id" DESC LIMIT 1
  [1m[36m (0.1ms)[0m  [1mbegin transaction[0m
  [1m[35mSQL (0.3ms)[0m  INSERT INTO "students" ("created_at", "updated_at") VALUES (?, ?)  [["created_at", "2015-11-18 00:17:49.095449"], ["updated_at", "2015-11-18 00:17:49.095449"]]
  [1m[36m (1.2ms)[0m  [1mcommit transaction[0m
  [1m[35mStudent Load (0.2ms)[0m  SELECT  "students".* FROM "students"  ORDER BY "students"."id" DESC LIMIT 1
  [1m[36mActiveRecord::SchemaMigration Load (0.1ms)[0m  [1mSELECT "schema_migrations".* FROM "schema_migrations"[0m
  [1m[35mActiveRecord::SchemaMigration Load (0.1ms)[0m  SELECT "schema_migrations".* FROM "schema_migrations"


Started GET "/" for ::1 at 2015-11-18 13:36:42 -0600
  [1m[36mActiveRecord::SchemaMigration Load (0.1ms)[0m  [1mSELECT "schema_migrations".* FROM "schema_migrations"[0m
Processing by Rails::WelcomeController#index as HTML
  Rendered /Users/admin/.rvm/gems/ruby-2.1.2/gems/railties-4.2.3/lib/rails/templates/rails/welcome/index.html.erb (2.4ms)
Completed 200 OK in 39ms (Views: 24.5ms | ActiveRecord: 0.0ms)


Started GET "/" for ::1 at 2015-11-18 13:37:10 -0600
Processing by Rails::WelcomeController#index as HTML
  Rendered /Users/admin/.rvm/gems/ruby-2.1.2/gems/railties-4.2.3/lib/rails/templates/rails/welcome/index.html.erb (0.0ms)
Completed 200 OK in 1ms (Views: 0.7ms | ActiveRecord: 0.0ms)
  [1m[36mActiveRecord::SchemaMigration Load (0.1ms)[0m  [1mSELECT "schema_migrations".* FROM "schema_migrations"[0m
Migrating to CreateSchoolClasses (20170301191341)
  [1m[35m (0.1ms)[0m  begin transaction
  [1m[36m (0.5ms)[0m  [1mCREATE TABLE "school_classes" ("id" INTEGER PRIMARY KEY AUTOINCREMENT NOT NULL, "title" varchar, "room_number" integer) [0m
  [1m[35mSQL (0.2ms)[0m  INSERT INTO "schema_migrations" ("version") VALUES (?)  [["version", "20170301191341"]]
  [1m[36m (0.7ms)[0m  [1mcommit transaction[0m
  [1m[35mActiveRecord::SchemaMigration Load (0.2ms)[0m  SELECT "schema_migrations".* FROM "schema_migrations"
  [1m[36mActiveRecord::SchemaMigration Load (0.3ms)[0m  [1mSELECT "schema_migrations".* FROM "schema_migrations"[0m
  [1m[35m (0.1ms)[0m  begin transaction
  [1m[36mSQL (0.9ms)[0m  [1mINSERT INTO "students" ("first_name", "last_name", "created_at", "updated_at") VALUES (?, ?, ?, ?)[0m  [["first_name", "Devin"], ["last_name", "Rieger"], ["created_at", "2017-03-01 19:59:53.602324"], ["updated_at", "2017-03-01 19:59:53.602324"]]
  [1m[35m (0.6ms)[0m  commit transaction
  [1m[36m (0.1ms)[0m  [1mbegin transaction[0m
  [1m[35mSQL (0.3ms)[0m  INSERT INTO "students" ("first_name", "last_name", "created_at", "updated_at") VALUES (?, ?, ?, ?)  [["first_name", "Dan"], ["last_name", "Rieger"], ["created_at", "2017-03-01 19:59:53.607222"], ["updated_at", "2017-03-01 19:59:53.607222"]]
  [1m[36m (0.7ms)[0m  [1mcommit transaction[0m
  [1m[35m (0.1ms)[0m  begin transaction
  [1m[36mSQL (0.3ms)[0m  [1mINSERT INTO "students" ("first_name", "last_name", "created_at", "updated_at") VALUES (?, ?, ?, ?)[0m  [["first_name", "Alicia"], ["last_name", "Rieger"], ["created_at", "2017-03-01 19:59:53.609664"], ["updated_at", "2017-03-01 19:59:53.609664"]]
  [1m[35m (0.8ms)[0m  commit transaction


Started GET "/students" for ::1 at 2017-03-01 15:00:17 -0500
  [1m[36mActiveRecord::SchemaMigration Load (0.1ms)[0m  [1mSELECT "schema_migrations".* FROM "schema_migrations"[0m
Processing by StudentsController#index as HTML
  [1m[35mStudent Load (0.2ms)[0m  SELECT "students".* FROM "students"
  Rendered students/index.html.erb within layouts/application (10.1ms)
Completed 500 Internal Server Error in 37ms (ActiveRecord: 0.9ms)

ActionView::Template::Error (undefined method `+' for nil:NilClass):
    1: all da Students
    2: 
    3: <% @students.each do |student| %>
    4:   <div><%= student.to_s %></div>
    5: <% end %>
  app/models/student.rb:3:in `to_s'
  app/views/students/index.html.erb:4:in `block in _app_views_students_index_html_erb__1672333084973359224_70261380852880'
  app/views/students/index.html.erb:3:in `_app_views_students_index_html_erb__1672333084973359224_70261380852880'


  Rendered /Users/lokja/.rvm/gems/ruby-2.3.0/gems/actionpack-4.2.3/lib/action_dispatch/middleware/templates/rescues/_source.erb (5.7ms)
  Rendered /Users/lokja/.rvm/gems/ruby-2.3.0/gems/actionpack-4.2.3/lib/action_dispatch/middleware/templates/rescues/_trace.html.erb (2.0ms)
  Rendered /Users/lokja/.rvm/gems/ruby-2.3.0/gems/actionpack-4.2.3/lib/action_dispatch/middleware/templates/rescues/_request_and_response.html.erb (0.8ms)
  Rendered /Users/lokja/.rvm/gems/ruby-2.3.0/gems/actionpack-4.2.3/lib/action_dispatch/middleware/templates/rescues/template_error.html.erb within rescues/layout (54.0ms)
  Rendered /Users/lokja/.rvm/gems/ruby-2.3.0/gems/web-console-2.2.1/lib/web_console/templates/_markup.html.erb (0.4ms)
  Rendered /Users/lokja/.rvm/gems/ruby-2.3.0/gems/web-console-2.2.1/lib/web_console/templates/_inner_console_markup.html.erb within layouts/inlined_string (0.5ms)
  Rendered /Users/lokja/.rvm/gems/ruby-2.3.0/gems/web-console-2.2.1/lib/web_console/templates/_prompt_box_markup.html.erb within layouts/inlined_string (0.3ms)
  Rendered /Users/lokja/.rvm/gems/ruby-2.3.0/gems/web-console-2.2.1/lib/web_console/templates/style.css.erb within layouts/inlined_string (0.3ms)
  Rendered /Users/lokja/.rvm/gems/ruby-2.3.0/gems/web-console-2.2.1/lib/web_console/templates/console.js.erb within layouts/javascript (49.2ms)
  Rendered /Users/lokja/.rvm/gems/ruby-2.3.0/gems/web-console-2.2.1/lib/web_console/templates/main.js.erb within layouts/javascript (0.3ms)
  Rendered /Users/lokja/.rvm/gems/ruby-2.3.0/gems/web-console-2.2.1/lib/web_console/templates/error_page.js.erb within layouts/javascript (0.6ms)
  Rendered /Users/lokja/.rvm/gems/ruby-2.3.0/gems/web-console-2.2.1/lib/web_console/templates/index.html.erb (108.1ms)


Started GET "/students" for ::1 at 2017-03-01 15:01:01 -0500
Processing by StudentsController#index as HTML
  [1m[36mStudent Load (0.2ms)[0m  [1mSELECT "students".* FROM "students"[0m
  Rendered students/index.html.erb within layouts/application (4.0ms)
Completed 200 OK in 814ms (Views: 811.7ms | ActiveRecord: 0.5ms)


Started GET "/students" for ::1 at 2017-03-01 15:02:10 -0500
Processing by StudentsController#index as HTML
  [1m[35mStudent Load (0.3ms)[0m  SELECT "students".* FROM "students"
  Rendered students/index.html.erb within layouts/application (5.4ms)
Completed 200 OK in 30ms (Views: 27.5ms | ActiveRecord: 0.5ms)


Started GET "/students/1" for ::1 at 2017-03-01 15:02:11 -0500
Processing by StudentsController#show as HTML
  Parameters: {"id"=>"1"}
  [1m[36mStudent Load (0.2ms)[0m  [1mSELECT  "students".* FROM "students" WHERE "students"."id" = ? LIMIT 1[0m  [["id", 1]]
  Rendered students/show.html.erb within layouts/application (0.5ms)
Completed 200 OK in 53ms (Views: 44.2ms | ActiveRecord: 0.2ms)


Started GET "/students/4" for ::1 at 2017-03-01 15:02:52 -0500
Processing by StudentsController#show as HTML
  Parameters: {"id"=>"4"}
  [1m[35mStudent Load (0.1ms)[0m  SELECT  "students".* FROM "students" WHERE "students"."id" = ? LIMIT 1  [["id", 4]]
  Rendered students/show.html.erb within layouts/application (0.5ms)
Completed 200 OK in 28ms (Views: 27.2ms | ActiveRecord: 0.1ms)


Started GET "/students/new" for ::1 at 2017-03-01 15:05:18 -0500
Processing by StudentsController#new as HTML
  Rendered students/new.html.erb within layouts/application (0.6ms)
Completed 200 OK in 37ms (Views: 30.2ms | ActiveRecord: 0.4ms)


Started GET "/students/new" for ::1 at 2017-03-01 15:05:32 -0500
Processing by StudentsController#new as HTML
  Rendered students/new.html.erb within layouts/application (6.6ms)
Completed 500 Internal Server Error in 12ms (ActiveRecord: 0.0ms)

ActionView::Template::Error (undefined method `name' for #<Student:0x007fcdfcfc0bd0>):
    1: new!
    2: <%= @student.name %>
  app/views/students/new.html.erb:2:in `_app_views_students_new_html_erb__1376060625155959114_70261344666240'


  Rendered /Users/lokja/.rvm/gems/ruby-2.3.0/gems/actionpack-4.2.3/lib/action_dispatch/middleware/templates/rescues/_source.erb (6.6ms)
  Rendered /Users/lokja/.rvm/gems/ruby-2.3.0/gems/actionpack-4.2.3/lib/action_dispatch/middleware/templates/rescues/_trace.html.erb (3.6ms)
  Rendered /Users/lokja/.rvm/gems/ruby-2.3.0/gems/actionpack-4.2.3/lib/action_dispatch/middleware/templates/rescues/_request_and_response.html.erb (1.1ms)
  Rendered /Users/lokja/.rvm/gems/ruby-2.3.0/gems/actionpack-4.2.3/lib/action_dispatch/middleware/templates/rescues/template_error.html.erb within rescues/layout (55.3ms)
  Rendered /Users/lokja/.rvm/gems/ruby-2.3.0/gems/web-console-2.2.1/lib/web_console/templates/_markup.html.erb (0.7ms)
  Rendered /Users/lokja/.rvm/gems/ruby-2.3.0/gems/web-console-2.2.1/lib/web_console/templates/_inner_console_markup.html.erb within layouts/inlined_string (0.3ms)
  Rendered /Users/lokja/.rvm/gems/ruby-2.3.0/gems/web-console-2.2.1/lib/web_console/templates/_prompt_box_markup.html.erb within layouts/inlined_string (0.3ms)
  Rendered /Users/lokja/.rvm/gems/ruby-2.3.0/gems/web-console-2.2.1/lib/web_console/templates/style.css.erb within layouts/inlined_string (0.5ms)
  Rendered /Users/lokja/.rvm/gems/ruby-2.3.0/gems/web-console-2.2.1/lib/web_console/templates/console.js.erb within layouts/javascript (46.1ms)
  Rendered /Users/lokja/.rvm/gems/ruby-2.3.0/gems/web-console-2.2.1/lib/web_console/templates/main.js.erb within layouts/javascript (0.4ms)
  Rendered /Users/lokja/.rvm/gems/ruby-2.3.0/gems/web-console-2.2.1/lib/web_console/templates/error_page.js.erb within layouts/javascript (0.4ms)
  Rendered /Users/lokja/.rvm/gems/ruby-2.3.0/gems/web-console-2.2.1/lib/web_console/templates/index.html.erb (98.5ms)


Started GET "/students/new" for ::1 at 2017-03-01 15:05:42 -0500
Processing by StudentsController#new as HTML
  Rendered students/new.html.erb within layouts/application (0.4ms)
Completed 200 OK in 36ms (Views: 28.0ms | ActiveRecord: 0.0ms)


Started GET "/students/new" for ::1 at 2017-03-01 15:06:04 -0500
Processing by StudentsController#new as HTML
  Rendered students/new.html.erb within layouts/application (0.9ms)
Completed 200 OK in 28ms (Views: 27.3ms | ActiveRecord: 0.0ms)


Started GET "/students/3/edit" for ::1 at 2017-03-01 15:06:34 -0500
Processing by StudentsController#edit as HTML
  Parameters: {"id"=>"3"}
  [1m[36mStudent Load (0.2ms)[0m  [1mSELECT  "students".* FROM "students" WHERE "students"."id" = ? LIMIT 1[0m  [["id", 3]]
  Rendered students/edit.html.erb within layouts/application (0.3ms)
Completed 200 OK in 23ms (Views: 21.3ms | ActiveRecord: 0.2ms)


Started GET "/students/new" for ::1 at 2017-03-01 15:10:06 -0500
Processing by StudentsController#new as HTML
  Rendered students/new.html.erb within layouts/application (15.8ms)
Completed 200 OK in 47ms (Views: 40.8ms | ActiveRecord: 0.5ms)


Started POST "/students" for ::1 at 2017-03-01 15:10:12 -0500
Processing by StudentsController#create as HTML
  Parameters: {"utf8"=>"✓", "authenticity_token"=>"r8ePki1wP1LfwqYWZB43TllDztBinC4QbeuxUwz+bJf2YMG780JA/GlmgGF4U79DRtRjDDE2sfoCF1pMRa0Pmg==", "student"=>{"first_name"=>"Lokja", "last_name"=>"Mage"}, "commit"=>"Create Student"}
  [1m[35m (0.1ms)[0m  begin transaction
  [1m[36mSQL (0.6ms)[0m  [1mINSERT INTO "students" ("first_name", "last_name", "created_at", "updated_at") VALUES (?, ?, ?, ?)[0m  [["first_name", "Lokja"], ["last_name", "Mage"], ["created_at", "2017-03-01 20:10:12.859241"], ["updated_at", "2017-03-01 20:10:12.859241"]]
  [1m[35m (1.2ms)[0m  commit transaction
Redirected to http://localhost:3000/students/6
Completed 302 Found in 8ms (ActiveRecord: 1.9ms)


Started GET "/students/6" for ::1 at 2017-03-01 15:10:12 -0500
Processing by StudentsController#show as HTML
  Parameters: {"id"=>"6"}
  [1m[36mStudent Load (0.2ms)[0m  [1mSELECT  "students".* FROM "students" WHERE "students"."id" = ? LIMIT 1[0m  [["id", 6]]
  Rendered students/show.html.erb within layouts/application (0.4ms)
Completed 200 OK in 28ms (Views: 26.2ms | ActiveRecord: 0.2ms)


Started GET "/students/6/edit" for ::1 at 2017-03-01 15:10:26 -0500
Processing by StudentsController#edit as HTML
  Parameters: {"id"=>"6"}
  [1m[35mStudent Load (0.1ms)[0m  SELECT  "students".* FROM "students" WHERE "students"."id" = ? LIMIT 1  [["id", 6]]
  Rendered students/edit.html.erb within layouts/application (0.0ms)
Completed 200 OK in 27ms (Views: 25.8ms | ActiveRecord: 0.1ms)


Started GET "/students/6/edit" for ::1 at 2017-03-01 15:10:59 -0500
Processing by StudentsController#edit as HTML
  Parameters: {"id"=>"6"}
  [1m[36mStudent Load (0.1ms)[0m  [1mSELECT  "students".* FROM "students" WHERE "students"."id" = ? LIMIT 1[0m  [["id", 6]]
  Rendered students/edit.html.erb within layouts/application (1.7ms)
Completed 200 OK in 37ms (Views: 35.6ms | ActiveRecord: 0.1ms)


Started GET "/students/6/edit" for ::1 at 2017-03-01 15:11:10 -0500
Processing by StudentsController#edit as HTML
  Parameters: {"id"=>"6"}
  [1m[35mStudent Load (0.3ms)[0m  SELECT  "students".* FROM "students" WHERE "students"."id" = ? LIMIT 1  [["id", 6]]
  Rendered students/edit.html.erb within layouts/application (2.0ms)
Completed 200 OK in 36ms (Views: 33.0ms | ActiveRecord: 0.3ms)


Started PATCH "/students/6" for ::1 at 2017-03-01 15:11:18 -0500
Processing by StudentsController#update as HTML
  Parameters: {"utf8"=>"✓", "authenticity_token"=>"zHl6DirATn1uBIdy/sQg1DncOq+fye6b9DHwHai6yd2V3jQn9PIx09igoQXiiajZJkuXc8xjcXGbzRsC4emq0A==", "student"=>{"first_name"=>"Lokja", "last_name"=>"Best Mage"}, "commit"=>"Update Student", "id"=>"6"}
Completed 500 Internal Server Error in 2ms (ActiveRecord: 0.0ms)

ArgumentError (wrong number of arguments (given 1, expected 2)):
  app/controllers/students_controller.rb:25:in `update'


  Rendered /Users/lokja/.rvm/gems/ruby-2.3.0/gems/actionpack-4.2.3/lib/action_dispatch/middleware/templates/rescues/_source.erb (3.7ms)
  Rendered /Users/lokja/.rvm/gems/ruby-2.3.0/gems/actionpack-4.2.3/lib/action_dispatch/middleware/templates/rescues/_trace.html.erb (2.3ms)
  Rendered /Users/lokja/.rvm/gems/ruby-2.3.0/gems/actionpack-4.2.3/lib/action_dispatch/middleware/templates/rescues/_request_and_response.html.erb (1.0ms)
  Rendered /Users/lokja/.rvm/gems/ruby-2.3.0/gems/actionpack-4.2.3/lib/action_dispatch/middleware/templates/rescues/diagnostics.html.erb within rescues/layout (49.5ms)
  Rendered /Users/lokja/.rvm/gems/ruby-2.3.0/gems/web-console-2.2.1/lib/web_console/templates/_markup.html.erb (0.4ms)
  Rendered /Users/lokja/.rvm/gems/ruby-2.3.0/gems/web-console-2.2.1/lib/web_console/templates/_inner_console_markup.html.erb within layouts/inlined_string (0.3ms)
  Rendered /Users/lokja/.rvm/gems/ruby-2.3.0/gems/web-console-2.2.1/lib/web_console/templates/_prompt_box_markup.html.erb within layouts/inlined_string (0.3ms)
  Rendered /Users/lokja/.rvm/gems/ruby-2.3.0/gems/web-console-2.2.1/lib/web_console/templates/style.css.erb within layouts/inlined_string (0.3ms)
  Rendered /Users/lokja/.rvm/gems/ruby-2.3.0/gems/web-console-2.2.1/lib/web_console/templates/console.js.erb within layouts/javascript (47.3ms)
  Rendered /Users/lokja/.rvm/gems/ruby-2.3.0/gems/web-console-2.2.1/lib/web_console/templates/main.js.erb within layouts/javascript (0.4ms)
  Rendered /Users/lokja/.rvm/gems/ruby-2.3.0/gems/web-console-2.2.1/lib/web_console/templates/error_page.js.erb within layouts/javascript (0.7ms)
  Rendered /Users/lokja/.rvm/gems/ruby-2.3.0/gems/web-console-2.2.1/lib/web_console/templates/index.html.erb (102.9ms)


Started PATCH "/students/6" for ::1 at 2017-03-01 15:11:28 -0500
Processing by StudentsController#update as HTML
  Parameters: {"utf8"=>"✓", "authenticity_token"=>"zHl6DirATn1uBIdy/sQg1DncOq+fye6b9DHwHai6yd2V3jQn9PIx09igoQXiiajZJkuXc8xjcXGbzRsC4emq0A==", "student"=>{"first_name"=>"Lokja", "last_name"=>"Best Mage"}, "commit"=>"Update Student", "id"=>"6"}
Completed 500 Internal Server Error in 4ms (ActiveRecord: 0.0ms)

ArgumentError (wrong number of arguments (given 1, expected 2)):
  app/controllers/students_controller.rb:25:in `update'


  Rendered /Users/lokja/.rvm/gems/ruby-2.3.0/gems/actionpack-4.2.3/lib/action_dispatch/middleware/templates/rescues/_source.erb (12.2ms)
  Rendered /Users/lokja/.rvm/gems/ruby-2.3.0/gems/actionpack-4.2.3/lib/action_dispatch/middleware/templates/rescues/_trace.html.erb (1.6ms)
  Rendered /Users/lokja/.rvm/gems/ruby-2.3.0/gems/actionpack-4.2.3/lib/action_dispatch/middleware/templates/rescues/_request_and_response.html.erb (1.0ms)
  Rendered /Users/lokja/.rvm/gems/ruby-2.3.0/gems/actionpack-4.2.3/lib/action_dispatch/middleware/templates/rescues/diagnostics.html.erb within rescues/layout (64.7ms)
  Rendered /Users/lokja/.rvm/gems/ruby-2.3.0/gems/web-console-2.2.1/lib/web_console/templates/_markup.html.erb (0.4ms)
  Rendered /Users/lokja/.rvm/gems/ruby-2.3.0/gems/web-console-2.2.1/lib/web_console/templates/_inner_console_markup.html.erb within layouts/inlined_string (0.3ms)
  Rendered /Users/lokja/.rvm/gems/ruby-2.3.0/gems/web-console-2.2.1/lib/web_console/templates/_prompt_box_markup.html.erb within layouts/inlined_string (0.3ms)
  Rendered /Users/lokja/.rvm/gems/ruby-2.3.0/gems/web-console-2.2.1/lib/web_console/templates/style.css.erb within layouts/inlined_string (0.4ms)
  Rendered /Users/lokja/.rvm/gems/ruby-2.3.0/gems/web-console-2.2.1/lib/web_console/templates/console.js.erb within layouts/javascript (43.5ms)
  Rendered /Users/lokja/.rvm/gems/ruby-2.3.0/gems/web-console-2.2.1/lib/web_console/templates/main.js.erb within layouts/javascript (0.3ms)
  Rendered /Users/lokja/.rvm/gems/ruby-2.3.0/gems/web-console-2.2.1/lib/web_console/templates/error_page.js.erb within layouts/javascript (0.4ms)
  Rendered /Users/lokja/.rvm/gems/ruby-2.3.0/gems/web-console-2.2.1/lib/web_console/templates/index.html.erb (98.5ms)


Started PATCH "/students/6" for ::1 at 2017-03-01 15:11:52 -0500
Processing by StudentsController#update as HTML
  Parameters: {"utf8"=>"✓", "authenticity_token"=>"zHl6DirATn1uBIdy/sQg1DncOq+fye6b9DHwHai6yd2V3jQn9PIx09igoQXiiajZJkuXc8xjcXGbzRsC4emq0A==", "student"=>{"first_name"=>"Lokja", "last_name"=>"Best Mage"}, "commit"=>"Update Student", "id"=>"6"}
Completed 500 Internal Server Error in 2ms (ActiveRecord: 0.0ms)

NoMethodError (undefined method `update' for nil:NilClass):
  app/controllers/students_controller.rb:25:in `update'


  Rendered /Users/lokja/.rvm/gems/ruby-2.3.0/gems/actionpack-4.2.3/lib/action_dispatch/middleware/templates/rescues/_source.erb (4.1ms)
  Rendered /Users/lokja/.rvm/gems/ruby-2.3.0/gems/actionpack-4.2.3/lib/action_dispatch/middleware/templates/rescues/_trace.html.erb (2.9ms)
  Rendered /Users/lokja/.rvm/gems/ruby-2.3.0/gems/actionpack-4.2.3/lib/action_dispatch/middleware/templates/rescues/_request_and_response.html.erb (1.1ms)
  Rendered /Users/lokja/.rvm/gems/ruby-2.3.0/gems/actionpack-4.2.3/lib/action_dispatch/middleware/templates/rescues/diagnostics.html.erb within rescues/layout (54.2ms)
  Rendered /Users/lokja/.rvm/gems/ruby-2.3.0/gems/web-console-2.2.1/lib/web_console/templates/_markup.html.erb (0.8ms)
  Rendered /Users/lokja/.rvm/gems/ruby-2.3.0/gems/web-console-2.2.1/lib/web_console/templates/_inner_console_markup.html.erb within layouts/inlined_string (0.3ms)
  Rendered /Users/lokja/.rvm/gems/ruby-2.3.0/gems/web-console-2.2.1/lib/web_console/templates/_prompt_box_markup.html.erb within layouts/inlined_string (0.3ms)
  Rendered /Users/lokja/.rvm/gems/ruby-2.3.0/gems/web-console-2.2.1/lib/web_console/templates/style.css.erb within layouts/inlined_string (0.5ms)
  Rendered /Users/lokja/.rvm/gems/ruby-2.3.0/gems/web-console-2.2.1/lib/web_console/templates/console.js.erb within layouts/javascript (47.8ms)
  Rendered /Users/lokja/.rvm/gems/ruby-2.3.0/gems/web-console-2.2.1/lib/web_console/templates/main.js.erb within layouts/javascript (0.3ms)
  Rendered /Users/lokja/.rvm/gems/ruby-2.3.0/gems/web-console-2.2.1/lib/web_console/templates/error_page.js.erb within layouts/javascript (0.4ms)
  Rendered /Users/lokja/.rvm/gems/ruby-2.3.0/gems/web-console-2.2.1/lib/web_console/templates/index.html.erb (107.3ms)


Started PATCH "/students/6" for ::1 at 2017-03-01 15:12:16 -0500
Processing by StudentsController#update as HTML
  Parameters: {"utf8"=>"✓", "authenticity_token"=>"zHl6DirATn1uBIdy/sQg1DncOq+fye6b9DHwHai6yd2V3jQn9PIx09igoQXiiajZJkuXc8xjcXGbzRsC4emq0A==", "student"=>{"first_name"=>"Lokja", "last_name"=>"Best Mage"}, "commit"=>"Update Student", "id"=>"6"}
  [1m[36mStudent Load (0.3ms)[0m  [1mSELECT  "students".* FROM "students" WHERE "students"."id" = ? LIMIT 1[0m  [["id", 6]]
  [1m[35m (0.1ms)[0m  begin transaction
  [1m[36mSQL (0.5ms)[0m  [1mUPDATE "students" SET "last_name" = ?, "updated_at" = ? WHERE "students"."id" = ?[0m  [["last_name", "Best Mage"], ["updated_at", "2017-03-01 20:12:16.475554"], ["id", 6]]
  [1m[35m (1.7ms)[0m  commit transaction
Redirected to http://localhost:3000/students/6
Completed 302 Found in 14ms (ActiveRecord: 2.9ms)


Started GET "/students/6" for ::1 at 2017-03-01 15:12:16 -0500
Processing by StudentsController#show as HTML
  Parameters: {"id"=>"6"}
  [1m[36mStudent Load (0.2ms)[0m  [1mSELECT  "students".* FROM "students" WHERE "students"."id" = ? LIMIT 1[0m  [["id", 6]]
  Rendered students/show.html.erb within layouts/application (0.1ms)
Completed 200 OK in 48ms (Views: 45.9ms | ActiveRecord: 0.2ms)


Started GET "/school_classes" for ::1 at 2017-03-01 15:16:17 -0500
Processing by SchoolClassesController#index as HTML
  Rendered school_classes/index.html.erb within layouts/application (3.0ms)
Completed 500 Internal Server Error in 8ms (ActiveRecord: 0.0ms)

ActionView::Template::Error (undefined method `each' for nil:NilClass):
    1: all da Students
    2: 
    3: <% @students.each do |student| %>
    4:   <div><%= link_to student.to_s, student_path(student) %></div>
    5: <% end %>
  app/views/school_classes/index.html.erb:3:in `_app_views_school_classes_index_html_erb___1056866931828339443_70261339838280'


  Rendered /Users/lokja/.rvm/gems/ruby-2.3.0/gems/actionpack-4.2.3/lib/action_dispatch/middleware/templates/rescues/_source.erb (5.1ms)
  Rendered /Users/lokja/.rvm/gems/ruby-2.3.0/gems/actionpack-4.2.3/lib/action_dispatch/middleware/templates/rescues/_trace.html.erb (2.0ms)
  Rendered /Users/lokja/.rvm/gems/ruby-2.3.0/gems/actionpack-4.2.3/lib/action_dispatch/middleware/templates/rescues/_request_and_response.html.erb (0.8ms)
  Rendered /Users/lokja/.rvm/gems/ruby-2.3.0/gems/actionpack-4.2.3/lib/action_dispatch/middleware/templates/rescues/template_error.html.erb within rescues/layout (48.3ms)
  Rendered /Users/lokja/.rvm/gems/ruby-2.3.0/gems/web-console-2.2.1/lib/web_console/templates/_markup.html.erb (0.4ms)
  Rendered /Users/lokja/.rvm/gems/ruby-2.3.0/gems/web-console-2.2.1/lib/web_console/templates/_inner_console_markup.html.erb within layouts/inlined_string (0.3ms)
  Rendered /Users/lokja/.rvm/gems/ruby-2.3.0/gems/web-console-2.2.1/lib/web_console/templates/_prompt_box_markup.html.erb within layouts/inlined_string (0.3ms)
  Rendered /Users/lokja/.rvm/gems/ruby-2.3.0/gems/web-console-2.2.1/lib/web_console/templates/style.css.erb within layouts/inlined_string (0.7ms)
  Rendered /Users/lokja/.rvm/gems/ruby-2.3.0/gems/web-console-2.2.1/lib/web_console/templates/console.js.erb within layouts/javascript (43.5ms)
  Rendered /Users/lokja/.rvm/gems/ruby-2.3.0/gems/web-console-2.2.1/lib/web_console/templates/main.js.erb within layouts/javascript (0.3ms)
  Rendered /Users/lokja/.rvm/gems/ruby-2.3.0/gems/web-console-2.2.1/lib/web_console/templates/error_page.js.erb within layouts/javascript (0.4ms)
  Rendered /Users/lokja/.rvm/gems/ruby-2.3.0/gems/web-console-2.2.1/lib/web_console/templates/index.html.erb (93.3ms)


Started GET "/school_classes" for ::1 at 2017-03-01 15:16:57 -0500
Processing by SchoolClassesController#index as HTML
  [1m[35mSchoolClass Load (0.4ms)[0m  SELECT "school_classes".* FROM "school_classes"
  Rendered school_classes/index.html.erb within layouts/application (3.2ms)
Completed 200 OK in 46ms (Views: 43.6ms | ActiveRecord: 0.8ms)


Started GET "/school_classes/1" for ::1 at 2017-03-01 15:17:02 -0500
Processing by SchoolClassesController#show as HTML
  Parameters: {"id"=>"1"}
  Rendered school_classes/show.html.erb within layouts/application (0.6ms)
Completed 200 OK in 28ms (Views: 27.3ms | ActiveRecord: 0.0ms)


Started GET "/school_classes" for ::1 at 2017-03-01 15:17:11 -0500
Processing by SchoolClassesController#index as HTML
  [1m[36mSchoolClass Load (0.1ms)[0m  [1mSELECT "school_classes".* FROM "school_classes"[0m
  Rendered school_classes/index.html.erb within layouts/application (0.5ms)
Completed 200 OK in 32ms (Views: 30.9ms | ActiveRecord: 0.1ms)


Started GET "/school_classes/new" for ::1 at 2017-03-01 15:20:49 -0500
Processing by SchoolClassesController#new as HTML
  Rendered school_classes/new.html.erb within layouts/application (2.8ms)
Completed 200 OK in 31ms (Views: 27.0ms | ActiveRecord: 0.5ms)


Started POST "/school_classes" for ::1 at 2017-03-01 15:20:58 -0500
Processing by SchoolClassesController#create as HTML
  Parameters: {"utf8"=>"✓", "authenticity_token"=>"u+zNwqFQ36rjbMbhk2R5bqXEK+GM8sPasfzxAcCsfAniS4Prf2KgBFXI4JaPKfFjulOGPd9YXDDeABoeif8fBA==", "school_class"=>{"title"=>"History", "room_number"=>"101"}, "commit"=>"Create School class"}
  [1m[35m (0.1ms)[0m  begin transaction
  [1m[36mSQL (0.8ms)[0m  [1mINSERT INTO "school_classes" ("title", "room_number") VALUES (?, ?)[0m  [["title", "History"], ["room_number", 101]]
  [1m[35m (3.5ms)[0m  commit transaction
Redirected to http://localhost:3000/school_classes/1
Completed 302 Found in 12ms (ActiveRecord: 4.3ms)


Started GET "/school_classes/1" for ::1 at 2017-03-01 15:20:58 -0500
Processing by SchoolClassesController#show as HTML
  Parameters: {"id"=>"1"}
  [1m[36mSchoolClass Load (0.6ms)[0m  [1mSELECT  "school_classes".* FROM "school_classes" WHERE "school_classes"."id" = ? LIMIT 1[0m  [["id", 1]]
  Rendered school_classes/show.html.erb within layouts/application (0.1ms)
Completed 200 OK in 31ms (Views: 27.0ms | ActiveRecord: 0.6ms)


Started GET "/school_classes/1" for ::1 at 2017-03-01 15:21:27 -0500
Processing by SchoolClassesController#show as HTML
  Parameters: {"id"=>"1"}
  [1m[35mSchoolClass Load (0.1ms)[0m  SELECT  "school_classes".* FROM "school_classes" WHERE "school_classes"."id" = ? LIMIT 1  [["id", 1]]
  Rendered school_classes/show.html.erb within layouts/application (0.7ms)
Completed 200 OK in 30ms (Views: 28.7ms | ActiveRecord: 0.1ms)


Started GET "/school_classes" for ::1 at 2017-03-01 15:21:31 -0500
Processing by SchoolClassesController#index as HTML
  [1m[36mSchoolClass Load (0.2ms)[0m  [1mSELECT "school_classes".* FROM "school_classes"[0m
  Rendered school_classes/index.html.erb within layouts/application (1.2ms)
Completed 200 OK in 44ms (Views: 42.4ms | ActiveRecord: 0.2ms)
